<?xml version="1.0" encoding="UTF-8"?>
<!-- Generated by org.testng.reporters.JUnitReportReporter -->
<testsuite hostname="DESKTOP-3DL3Q3F" failures="0" tests="1" name="testcases.ninenow.ForeignAffairtsTestCase" time="15.388" errors="0" timestamp="2021-04-28T09:14:41 AEST" skipped="0">
  <testcase classname="testcases.ninenow.ForeignAffairtsTestCase" name="CapabilityEdgeFunction" time="15.388"/>
  <system-out/>
</testsuite> <!-- testcases.ninenow.ForeignAffairtsTestCase -->
